[2025-06-17T21:09:45.194Z] GET /empresas/
[2025-06-17T21:09:56.982Z] GET /contatos/
[2025-06-17T21:10:07.345Z] GET /empresas/
[2025-06-17T21:10:25.657Z] GET /empresas/
[2025-06-17T21:11:11.163Z] GET /empresas/[2025-06-17T21:18:47.198Z] GET /empresas/
[2025-06-17T21:18:49.775Z] GET /empresas/
[2025-06-17T21:18:51.009Z] GET /empresas/
[2025-06-17T21:19:00.140Z] GET /empresas/
[2025-06-17T21:19:54.121Z] GET /empresas/
[2025-06-17T21:19:56.030Z] GET /empresas/
[2025-06-17T21:20:34.329Z] GET /empresas/
[2025-06-17T21:21:41.335Z] GET /empresas/
[2025-06-17T21:22:27.904Z] GET /empresas/
[2025-06-17T21:22:29.147Z] GET /empresas/
[2025-06-17T21:24:27.448Z] GET /empresas/
[2025-06-17T21:27:07.295Z] GET /empresas/
[2025-06-17T21:29:35.290Z] GET /empresas/
[2025-06-17T21:30:34.069Z] GET /empresas/
[2025-06-17T21:31:01.607Z] GET /contatos/
[2025-06-17T21:36:40.057Z] GET /empresa/1
[2025-06-17T21:36:47.541Z] GET /empresas/1
[2025-06-17T21:36:51.738Z] GET /empresas
[2025-06-17T21:37:13.610Z] POST /contatos
[2025-06-17T21:38:15.674Z] GET /anydesk/1
[2025-06-17T21:38:52.236Z] GET /servidores/1
